[0.211s] DEBUG:colcon:Command line arguments: ['/usr/bin/colcon', 'build']
[0.212s] DEBUG:colcon:Parsed command line arguments: Namespace(allow_overriding=[], ament_cmake_args=None, base_paths=['.'], build_base='build', catkin_cmake_args=None, catkin_skip_building_tests=False, cmake_args=None, cmake_clean_cache=False, cmake_clean_first=False, cmake_force_configure=False, cmake_target=None, cmake_target_skip_unavailable=False, continue_on_error=False, event_handlers=None, executor='parallel', ignore_user_meta=False, install_base='install', log_base=None, log_level=None, main=<bound method BuildVerb.main of <colcon_core.verb.build.BuildVerb object at 0x7fa2108e4400>>, merge_install=False, metas=['./colcon.meta'], mixin=None, mixin_files=None, mixin_verb=('build',), packages_above=None, packages_above_and_dependencies=None, packages_above_depth=None, packages_end=None, packages_ignore=None, packages_ignore_regex=None, packages_select=None, packages_select_build_failed=False, packages_select_by_dep=None, packages_select_regex=None, packages_select_test_failures=False, packages_skip=None, packages_skip_build_finished=False, packages_skip_by_dep=None, packages_skip_regex=None, packages_skip_test_passed=False, packages_skip_up_to=None, packages_start=None, packages_up_to=None, packages_up_to_regex=None, parallel_workers=12, paths=None, symlink_install=False, test_result_base=None, verb_extension=<colcon_core.verb.build.BuildVerb object at 0x7fa2108e4400>, verb_name='build', verb_parser=<colcon_mixin.mixin.mixin_argument.MixinArgumentDecorator object at 0x7fa210058dc0>)
[0.254s] Level 1:colcon.colcon_core.package_discovery:discover_packages(colcon_meta) check parameters
[0.254s] Level 1:colcon.colcon_core.package_discovery:discover_packages(recursive) check parameters
[0.254s] Level 1:colcon.colcon_core.package_discovery:discover_packages(ignore) check parameters
[0.254s] Level 1:colcon.colcon_core.package_discovery:discover_packages(path) check parameters
[0.254s] Level 1:colcon.colcon_core.package_discovery:discover_packages(colcon_meta) discover
[0.254s] Level 1:colcon.colcon_core.package_discovery:discover_packages(recursive) discover
[0.254s] INFO:colcon.colcon_core.package_discovery:Crawling recursively for packages in '/home/johnsumskas/dev_ws/src/Blueprint_Lab_Software/docsrc'
[0.254s] Level 1:colcon.colcon_core.package_identification:_identify(.) by extensions ['ignore', 'ignore_ament_install']
[0.254s] Level 1:colcon.colcon_core.package_identification:_identify(.) by extension 'ignore'
[0.254s] Level 1:colcon.colcon_core.package_identification:_identify(.) by extension 'ignore_ament_install'
[0.254s] Level 1:colcon.colcon_core.package_identification:_identify(.) by extensions ['colcon_pkg']
[0.254s] Level 1:colcon.colcon_core.package_identification:_identify(.) by extension 'colcon_pkg'
[0.254s] Level 1:colcon.colcon_core.package_identification:_identify(.) by extensions ['colcon_meta']
[0.254s] Level 1:colcon.colcon_core.package_identification:_identify(.) by extension 'colcon_meta'
[0.254s] Level 1:colcon.colcon_core.package_identification:_identify(.) by extensions ['ros']
[0.255s] Level 1:colcon.colcon_core.package_identification:_identify(.) by extension 'ros'
[0.262s] Level 1:colcon.colcon_core.package_identification:_identify(.) by extensions ['cmake', 'python']
[0.262s] Level 1:colcon.colcon_core.package_identification:_identify(.) by extension 'cmake'
[0.262s] Level 1:colcon.colcon_core.package_identification:_identify(.) by extension 'python'
[0.263s] Level 1:colcon.colcon_core.package_identification:_identify(.) by extensions ['python_setup_py']
[0.263s] Level 1:colcon.colcon_core.package_identification:_identify(.) by extension 'python_setup_py'
[0.263s] Level 1:colcon.colcon_core.package_identification:_identify(build) by extensions ['ignore', 'ignore_ament_install']
[0.263s] Level 1:colcon.colcon_core.package_identification:_identify(build) by extension 'ignore'
[0.263s] Level 1:colcon.colcon_core.package_identification:_identify(build) ignored
[0.263s] Level 1:colcon.colcon_core.package_identification:_identify(install) by extensions ['ignore', 'ignore_ament_install']
[0.263s] Level 1:colcon.colcon_core.package_identification:_identify(install) by extension 'ignore'
[0.263s] Level 1:colcon.colcon_core.package_identification:_identify(install) ignored
[0.263s] Level 1:colcon.colcon_core.package_identification:_identify(log) by extensions ['ignore', 'ignore_ament_install']
[0.263s] Level 1:colcon.colcon_core.package_identification:_identify(log) by extension 'ignore'
[0.263s] Level 1:colcon.colcon_core.package_identification:_identify(log) ignored
[0.263s] Level 1:colcon.colcon_core.package_identification:_identify(source) by extensions ['ignore', 'ignore_ament_install']
[0.264s] Level 1:colcon.colcon_core.package_identification:_identify(source) by extension 'ignore'
[0.264s] Level 1:colcon.colcon_core.package_identification:_identify(source) by extension 'ignore_ament_install'
[0.264s] Level 1:colcon.colcon_core.package_identification:_identify(source) by extensions ['colcon_pkg']
[0.264s] Level 1:colcon.colcon_core.package_identification:_identify(source) by extension 'colcon_pkg'
[0.264s] Level 1:colcon.colcon_core.package_identification:_identify(source) by extensions ['colcon_meta']
[0.264s] Level 1:colcon.colcon_core.package_identification:_identify(source) by extension 'colcon_meta'
[0.264s] Level 1:colcon.colcon_core.package_identification:_identify(source) by extensions ['ros']
[0.264s] Level 1:colcon.colcon_core.package_identification:_identify(source) by extension 'ros'
[0.264s] Level 1:colcon.colcon_core.package_identification:_identify(source) by extensions ['cmake', 'python']
[0.264s] Level 1:colcon.colcon_core.package_identification:_identify(source) by extension 'cmake'
[0.264s] Level 1:colcon.colcon_core.package_identification:_identify(source) by extension 'python'
[0.264s] Level 1:colcon.colcon_core.package_identification:_identify(source) by extensions ['python_setup_py']
[0.264s] Level 1:colcon.colcon_core.package_identification:_identify(source) by extension 'python_setup_py'
[0.264s] Level 1:colcon.colcon_core.package_identification:_identify(source/C) by extensions ['ignore', 'ignore_ament_install']
[0.264s] Level 1:colcon.colcon_core.package_identification:_identify(source/C) by extension 'ignore'
[0.264s] Level 1:colcon.colcon_core.package_identification:_identify(source/C) by extension 'ignore_ament_install'
[0.264s] Level 1:colcon.colcon_core.package_identification:_identify(source/C) by extensions ['colcon_pkg']
[0.264s] Level 1:colcon.colcon_core.package_identification:_identify(source/C) by extension 'colcon_pkg'
[0.265s] Level 1:colcon.colcon_core.package_identification:_identify(source/C) by extensions ['colcon_meta']
[0.265s] Level 1:colcon.colcon_core.package_identification:_identify(source/C) by extension 'colcon_meta'
[0.265s] Level 1:colcon.colcon_core.package_identification:_identify(source/C) by extensions ['ros']
[0.265s] Level 1:colcon.colcon_core.package_identification:_identify(source/C) by extension 'ros'
[0.265s] Level 1:colcon.colcon_core.package_identification:_identify(source/C) by extensions ['cmake', 'python']
[0.265s] Level 1:colcon.colcon_core.package_identification:_identify(source/C) by extension 'cmake'
[0.265s] Level 1:colcon.colcon_core.package_identification:_identify(source/C) by extension 'python'
[0.265s] Level 1:colcon.colcon_core.package_identification:_identify(source/C) by extensions ['python_setup_py']
[0.265s] Level 1:colcon.colcon_core.package_identification:_identify(source/C) by extension 'python_setup_py'
[0.265s] Level 1:colcon.colcon_core.package_identification:_identify(source/C/examples) by extensions ['ignore', 'ignore_ament_install']
[0.265s] Level 1:colcon.colcon_core.package_identification:_identify(source/C/examples) by extension 'ignore'
[0.265s] Level 1:colcon.colcon_core.package_identification:_identify(source/C/examples) by extension 'ignore_ament_install'
[0.265s] Level 1:colcon.colcon_core.package_identification:_identify(source/C/examples) by extensions ['colcon_pkg']
[0.265s] Level 1:colcon.colcon_core.package_identification:_identify(source/C/examples) by extension 'colcon_pkg'
[0.265s] Level 1:colcon.colcon_core.package_identification:_identify(source/C/examples) by extensions ['colcon_meta']
[0.265s] Level 1:colcon.colcon_core.package_identification:_identify(source/C/examples) by extension 'colcon_meta'
[0.265s] Level 1:colcon.colcon_core.package_identification:_identify(source/C/examples) by extensions ['ros']
[0.265s] Level 1:colcon.colcon_core.package_identification:_identify(source/C/examples) by extension 'ros'
[0.265s] Level 1:colcon.colcon_core.package_identification:_identify(source/C/examples) by extensions ['cmake', 'python']
[0.265s] Level 1:colcon.colcon_core.package_identification:_identify(source/C/examples) by extension 'cmake'
[0.266s] Level 1:colcon.colcon_core.package_identification:_identify(source/C/examples) by extension 'python'
[0.266s] Level 1:colcon.colcon_core.package_identification:_identify(source/C/examples) by extensions ['python_setup_py']
[0.266s] Level 1:colcon.colcon_core.package_identification:_identify(source/C/examples) by extension 'python_setup_py'
[0.266s] Level 1:colcon.colcon_core.package_identification:_identify(source/bplprotocol) by extensions ['ignore', 'ignore_ament_install']
[0.266s] Level 1:colcon.colcon_core.package_identification:_identify(source/bplprotocol) by extension 'ignore'
[0.266s] Level 1:colcon.colcon_core.package_identification:_identify(source/bplprotocol) by extension 'ignore_ament_install'
[0.266s] Level 1:colcon.colcon_core.package_identification:_identify(source/bplprotocol) by extensions ['colcon_pkg']
[0.266s] Level 1:colcon.colcon_core.package_identification:_identify(source/bplprotocol) by extension 'colcon_pkg'
[0.266s] Level 1:colcon.colcon_core.package_identification:_identify(source/bplprotocol) by extensions ['colcon_meta']
[0.266s] Level 1:colcon.colcon_core.package_identification:_identify(source/bplprotocol) by extension 'colcon_meta'
[0.266s] Level 1:colcon.colcon_core.package_identification:_identify(source/bplprotocol) by extensions ['ros']
[0.266s] Level 1:colcon.colcon_core.package_identification:_identify(source/bplprotocol) by extension 'ros'
[0.266s] Level 1:colcon.colcon_core.package_identification:_identify(source/bplprotocol) by extensions ['cmake', 'python']
[0.266s] Level 1:colcon.colcon_core.package_identification:_identify(source/bplprotocol) by extension 'cmake'
[0.266s] Level 1:colcon.colcon_core.package_identification:_identify(source/bplprotocol) by extension 'python'
[0.266s] Level 1:colcon.colcon_core.package_identification:_identify(source/bplprotocol) by extensions ['python_setup_py']
[0.266s] Level 1:colcon.colcon_core.package_identification:_identify(source/bplprotocol) by extension 'python_setup_py'
[0.266s] Level 1:colcon.colcon_core.package_identification:_identify(source/bplprotocol/examples) by extensions ['ignore', 'ignore_ament_install']
[0.266s] Level 1:colcon.colcon_core.package_identification:_identify(source/bplprotocol/examples) by extension 'ignore'
[0.267s] Level 1:colcon.colcon_core.package_identification:_identify(source/bplprotocol/examples) by extension 'ignore_ament_install'
[0.267s] Level 1:colcon.colcon_core.package_identification:_identify(source/bplprotocol/examples) by extensions ['colcon_pkg']
[0.267s] Level 1:colcon.colcon_core.package_identification:_identify(source/bplprotocol/examples) by extension 'colcon_pkg'
[0.267s] Level 1:colcon.colcon_core.package_identification:_identify(source/bplprotocol/examples) by extensions ['colcon_meta']
[0.267s] Level 1:colcon.colcon_core.package_identification:_identify(source/bplprotocol/examples) by extension 'colcon_meta'
[0.267s] Level 1:colcon.colcon_core.package_identification:_identify(source/bplprotocol/examples) by extensions ['ros']
[0.267s] Level 1:colcon.colcon_core.package_identification:_identify(source/bplprotocol/examples) by extension 'ros'
[0.267s] Level 1:colcon.colcon_core.package_identification:_identify(source/bplprotocol/examples) by extensions ['cmake', 'python']
[0.267s] Level 1:colcon.colcon_core.package_identification:_identify(source/bplprotocol/examples) by extension 'cmake'
[0.267s] Level 1:colcon.colcon_core.package_identification:_identify(source/bplprotocol/examples) by extension 'python'
[0.267s] Level 1:colcon.colcon_core.package_identification:_identify(source/bplprotocol/examples) by extensions ['python_setup_py']
[0.267s] Level 1:colcon.colcon_core.package_identification:_identify(source/bplprotocol/examples) by extension 'python_setup_py'
[0.267s] Level 1:colcon.colcon_core.package_identification:_identify(source/docs) by extensions ['ignore', 'ignore_ament_install']
[0.267s] Level 1:colcon.colcon_core.package_identification:_identify(source/docs) by extension 'ignore'
[0.267s] Level 1:colcon.colcon_core.package_identification:_identify(source/docs) by extension 'ignore_ament_install'
[0.267s] Level 1:colcon.colcon_core.package_identification:_identify(source/docs) by extensions ['colcon_pkg']
[0.267s] Level 1:colcon.colcon_core.package_identification:_identify(source/docs) by extension 'colcon_pkg'
[0.267s] Level 1:colcon.colcon_core.package_identification:_identify(source/docs) by extensions ['colcon_meta']
[0.267s] Level 1:colcon.colcon_core.package_identification:_identify(source/docs) by extension 'colcon_meta'
[0.267s] Level 1:colcon.colcon_core.package_identification:_identify(source/docs) by extensions ['ros']
[0.268s] Level 1:colcon.colcon_core.package_identification:_identify(source/docs) by extension 'ros'
[0.268s] Level 1:colcon.colcon_core.package_identification:_identify(source/docs) by extensions ['cmake', 'python']
[0.268s] Level 1:colcon.colcon_core.package_identification:_identify(source/docs) by extension 'cmake'
[0.268s] Level 1:colcon.colcon_core.package_identification:_identify(source/docs) by extension 'python'
[0.268s] Level 1:colcon.colcon_core.package_identification:_identify(source/docs) by extensions ['python_setup_py']
[0.268s] Level 1:colcon.colcon_core.package_identification:_identify(source/docs) by extension 'python_setup_py'
[0.268s] Level 1:colcon.colcon_core.package_identification:_identify(source/documentation) by extensions ['ignore', 'ignore_ament_install']
[0.268s] Level 1:colcon.colcon_core.package_identification:_identify(source/documentation) by extension 'ignore'
[0.268s] Level 1:colcon.colcon_core.package_identification:_identify(source/documentation) by extension 'ignore_ament_install'
[0.268s] Level 1:colcon.colcon_core.package_identification:_identify(source/documentation) by extensions ['colcon_pkg']
[0.268s] Level 1:colcon.colcon_core.package_identification:_identify(source/documentation) by extension 'colcon_pkg'
[0.268s] Level 1:colcon.colcon_core.package_identification:_identify(source/documentation) by extensions ['colcon_meta']
[0.268s] Level 1:colcon.colcon_core.package_identification:_identify(source/documentation) by extension 'colcon_meta'
[0.268s] Level 1:colcon.colcon_core.package_identification:_identify(source/documentation) by extensions ['ros']
[0.268s] Level 1:colcon.colcon_core.package_identification:_identify(source/documentation) by extension 'ros'
[0.268s] Level 1:colcon.colcon_core.package_identification:_identify(source/documentation) by extensions ['cmake', 'python']
[0.268s] Level 1:colcon.colcon_core.package_identification:_identify(source/documentation) by extension 'cmake'
[0.268s] Level 1:colcon.colcon_core.package_identification:_identify(source/documentation) by extension 'python'
[0.268s] Level 1:colcon.colcon_core.package_identification:_identify(source/documentation) by extensions ['python_setup_py']
[0.268s] Level 1:colcon.colcon_core.package_identification:_identify(source/documentation) by extension 'python_setup_py'
[0.268s] Level 1:colcon.colcon_core.package_identification:_identify(source/ros1) by extensions ['ignore', 'ignore_ament_install']
[0.269s] Level 1:colcon.colcon_core.package_identification:_identify(source/ros1) by extension 'ignore'
[0.269s] Level 1:colcon.colcon_core.package_identification:_identify(source/ros1) by extension 'ignore_ament_install'
[0.269s] Level 1:colcon.colcon_core.package_identification:_identify(source/ros1) by extensions ['colcon_pkg']
[0.269s] Level 1:colcon.colcon_core.package_identification:_identify(source/ros1) by extension 'colcon_pkg'
[0.269s] Level 1:colcon.colcon_core.package_identification:_identify(source/ros1) by extensions ['colcon_meta']
[0.269s] Level 1:colcon.colcon_core.package_identification:_identify(source/ros1) by extension 'colcon_meta'
[0.269s] Level 1:colcon.colcon_core.package_identification:_identify(source/ros1) by extensions ['ros']
[0.269s] Level 1:colcon.colcon_core.package_identification:_identify(source/ros1) by extension 'ros'
[0.269s] Level 1:colcon.colcon_core.package_identification:_identify(source/ros1) by extensions ['cmake', 'python']
[0.269s] Level 1:colcon.colcon_core.package_identification:_identify(source/ros1) by extension 'cmake'
[0.269s] Level 1:colcon.colcon_core.package_identification:_identify(source/ros1) by extension 'python'
[0.269s] Level 1:colcon.colcon_core.package_identification:_identify(source/ros1) by extensions ['python_setup_py']
[0.269s] Level 1:colcon.colcon_core.package_identification:_identify(source/ros1) by extension 'python_setup_py'
[0.269s] Level 1:colcon.colcon_core.package_identification:_identify(source/ros1/bpl_passthrough) by extensions ['ignore', 'ignore_ament_install']
[0.269s] Level 1:colcon.colcon_core.package_identification:_identify(source/ros1/bpl_passthrough) by extension 'ignore'
[0.269s] Level 1:colcon.colcon_core.package_identification:_identify(source/ros1/bpl_passthrough) by extension 'ignore_ament_install'
[0.269s] Level 1:colcon.colcon_core.package_identification:_identify(source/ros1/bpl_passthrough) by extensions ['colcon_pkg']
[0.269s] Level 1:colcon.colcon_core.package_identification:_identify(source/ros1/bpl_passthrough) by extension 'colcon_pkg'
[0.269s] Level 1:colcon.colcon_core.package_identification:_identify(source/ros1/bpl_passthrough) by extensions ['colcon_meta']
[0.269s] Level 1:colcon.colcon_core.package_identification:_identify(source/ros1/bpl_passthrough) by extension 'colcon_meta'
[0.270s] Level 1:colcon.colcon_core.package_identification:_identify(source/ros1/bpl_passthrough) by extensions ['ros']
[0.270s] Level 1:colcon.colcon_core.package_identification:_identify(source/ros1/bpl_passthrough) by extension 'ros'
[0.270s] Level 1:colcon.colcon_core.package_identification:_identify(source/ros1/bpl_passthrough) by extensions ['cmake', 'python']
[0.270s] Level 1:colcon.colcon_core.package_identification:_identify(source/ros1/bpl_passthrough) by extension 'cmake'
[0.270s] Level 1:colcon.colcon_core.package_identification:_identify(source/ros1/bpl_passthrough) by extension 'python'
[0.270s] Level 1:colcon.colcon_core.package_identification:_identify(source/ros1/bpl_passthrough) by extensions ['python_setup_py']
[0.270s] Level 1:colcon.colcon_core.package_identification:_identify(source/ros1/bpl_passthrough) by extension 'python_setup_py'
[0.270s] Level 1:colcon.colcon_core.package_identification:_identify(source/ros2) by extensions ['ignore', 'ignore_ament_install']
[0.270s] Level 1:colcon.colcon_core.package_identification:_identify(source/ros2) by extension 'ignore'
[0.270s] Level 1:colcon.colcon_core.package_identification:_identify(source/ros2) by extension 'ignore_ament_install'
[0.270s] Level 1:colcon.colcon_core.package_identification:_identify(source/ros2) by extensions ['colcon_pkg']
[0.270s] Level 1:colcon.colcon_core.package_identification:_identify(source/ros2) by extension 'colcon_pkg'
[0.270s] Level 1:colcon.colcon_core.package_identification:_identify(source/ros2) by extensions ['colcon_meta']
[0.270s] Level 1:colcon.colcon_core.package_identification:_identify(source/ros2) by extension 'colcon_meta'
[0.270s] Level 1:colcon.colcon_core.package_identification:_identify(source/ros2) by extensions ['ros']
[0.270s] Level 1:colcon.colcon_core.package_identification:_identify(source/ros2) by extension 'ros'
[0.270s] Level 1:colcon.colcon_core.package_identification:_identify(source/ros2) by extensions ['cmake', 'python']
[0.270s] Level 1:colcon.colcon_core.package_identification:_identify(source/ros2) by extension 'cmake'
[0.270s] Level 1:colcon.colcon_core.package_identification:_identify(source/ros2) by extension 'python'
[0.270s] Level 1:colcon.colcon_core.package_identification:_identify(source/ros2) by extensions ['python_setup_py']
[0.271s] Level 1:colcon.colcon_core.package_identification:_identify(source/ros2) by extension 'python_setup_py'
[0.271s] Level 1:colcon.colcon_core.package_identification:_identify(source/ros2/bpl_passthrough) by extensions ['ignore', 'ignore_ament_install']
[0.271s] Level 1:colcon.colcon_core.package_identification:_identify(source/ros2/bpl_passthrough) by extension 'ignore'
[0.271s] Level 1:colcon.colcon_core.package_identification:_identify(source/ros2/bpl_passthrough) by extension 'ignore_ament_install'
[0.271s] Level 1:colcon.colcon_core.package_identification:_identify(source/ros2/bpl_passthrough) by extensions ['colcon_pkg']
[0.271s] Level 1:colcon.colcon_core.package_identification:_identify(source/ros2/bpl_passthrough) by extension 'colcon_pkg'
[0.271s] Level 1:colcon.colcon_core.package_identification:_identify(source/ros2/bpl_passthrough) by extensions ['colcon_meta']
[0.271s] Level 1:colcon.colcon_core.package_identification:_identify(source/ros2/bpl_passthrough) by extension 'colcon_meta'
[0.271s] Level 1:colcon.colcon_core.package_identification:_identify(source/ros2/bpl_passthrough) by extensions ['ros']
[0.271s] Level 1:colcon.colcon_core.package_identification:_identify(source/ros2/bpl_passthrough) by extension 'ros'
[0.271s] Level 1:colcon.colcon_core.package_identification:_identify(source/ros2/bpl_passthrough) by extensions ['cmake', 'python']
[0.271s] Level 1:colcon.colcon_core.package_identification:_identify(source/ros2/bpl_passthrough) by extension 'cmake'
[0.271s] Level 1:colcon.colcon_core.package_identification:_identify(source/ros2/bpl_passthrough) by extension 'python'
[0.271s] Level 1:colcon.colcon_core.package_identification:_identify(source/ros2/bpl_passthrough) by extensions ['python_setup_py']
[0.271s] Level 1:colcon.colcon_core.package_identification:_identify(source/ros2/bpl_passthrough) by extension 'python_setup_py'
[0.271s] Level 1:colcon.colcon_core.package_discovery:discover_packages(recursive) using defaults
[0.271s] Level 1:colcon.colcon_core.package_discovery:discover_packages(ignore) discover
[0.271s] Level 1:colcon.colcon_core.package_discovery:discover_packages(ignore) using defaults
[0.271s] Level 1:colcon.colcon_core.package_discovery:discover_packages(path) discover
[0.271s] Level 1:colcon.colcon_core.package_discovery:discover_packages(path) using defaults
[0.286s] Level 1:colcon.colcon_core.package_discovery:discover_packages(prefix_path) check parameters
[0.286s] Level 1:colcon.colcon_core.package_discovery:discover_packages(prefix_path) discover
[0.288s] DEBUG:colcon.colcon_installed_package_information.package_discovery:Found 8 installed packages in /home/johnsumskas/dev_ws/install
[0.289s] DEBUG:colcon.colcon_installed_package_information.package_discovery:Found 313 installed packages in /opt/ros/foxy
[0.291s] Level 1:colcon.colcon_core.package_discovery:discover_packages(prefix_path) using defaults
[0.339s] INFO:colcon.colcon_core.executor:Executing jobs using 'parallel' executor
[0.341s] DEBUG:colcon.colcon_parallel_executor.executor.parallel:run_until_complete
[0.341s] DEBUG:colcon.colcon_parallel_executor.executor.parallel:closing loop
[0.341s] DEBUG:colcon.colcon_parallel_executor.executor.parallel:loop closed
[0.341s] DEBUG:colcon.colcon_parallel_executor.executor.parallel:run_until_complete finished with '0'
[0.341s] DEBUG:colcon.colcon_core.event_reactor:joining thread
[0.345s] INFO:colcon.colcon_core.plugin_system:Skipping extension 'colcon_notification.desktop_notification.terminal_notifier': Not used on non-Darwin systems
[0.345s] INFO:colcon.colcon_core.plugin_system:Skipping extension 'colcon_notification.desktop_notification.win32': Not used on non-Windows systems
[0.345s] INFO:colcon.colcon_notification.desktop_notification:Sending desktop notification using 'notify2'
[0.369s] DEBUG:colcon.colcon_core.event_reactor:joined thread
[0.372s] INFO:colcon.colcon_core.plugin_system:Skipping extension 'colcon_core.shell.bat': Not used on non-Windows systems
[0.373s] INFO:colcon.colcon_core.shell:Creating prefix script '/home/johnsumskas/dev_ws/src/Blueprint_Lab_Software/docsrc/install/local_setup.ps1'
[0.373s] INFO:colcon.colcon_core.shell:Creating prefix util module '/home/johnsumskas/dev_ws/src/Blueprint_Lab_Software/docsrc/install/_local_setup_util_ps1.py'
[0.374s] INFO:colcon.colcon_core.shell:Creating prefix chain script '/home/johnsumskas/dev_ws/src/Blueprint_Lab_Software/docsrc/install/setup.ps1'
[0.376s] INFO:colcon.colcon_core.shell:Creating prefix script '/home/johnsumskas/dev_ws/src/Blueprint_Lab_Software/docsrc/install/local_setup.sh'
[0.376s] INFO:colcon.colcon_core.shell:Creating prefix util module '/home/johnsumskas/dev_ws/src/Blueprint_Lab_Software/docsrc/install/_local_setup_util_sh.py'
[0.376s] INFO:colcon.colcon_core.shell:Creating prefix chain script '/home/johnsumskas/dev_ws/src/Blueprint_Lab_Software/docsrc/install/setup.sh'
[0.377s] INFO:colcon.colcon_core.shell:Creating prefix script '/home/johnsumskas/dev_ws/src/Blueprint_Lab_Software/docsrc/install/local_setup.bash'
[0.377s] INFO:colcon.colcon_core.shell:Creating prefix chain script '/home/johnsumskas/dev_ws/src/Blueprint_Lab_Software/docsrc/install/setup.bash'
[0.378s] INFO:colcon.colcon_core.shell:Creating prefix script '/home/johnsumskas/dev_ws/src/Blueprint_Lab_Software/docsrc/install/local_setup.zsh'
[0.379s] INFO:colcon.colcon_core.shell:Creating prefix chain script '/home/johnsumskas/dev_ws/src/Blueprint_Lab_Software/docsrc/install/setup.zsh'
